<?xml version="1.0" encoding="UTF-8"?>
<!-- Generated by org.testng.reporters.JUnitReportReporter -->
<testsuite hostname="arunkumar-ThinkBook-15-G3-ACL" failures="0" tests="1" name="files.SerializaTest" time="2.076" errors="0" timestamp="2024-05-18T12:29:35 IST" skipped="0">
  <testcase classname="files.SerializaTest" name="serialize" time="2.076"/>
</testsuite> <!-- files.SerializaTest -->
