<?xml version="1.0" encoding="UTF-8"?>
<!-- Generated by org.testng.reporters.JUnitReportReporter -->
<testsuite hostname="arunkumar-ThinkBook-15-G3-ACL" failures="0" tests="1" name="files.RSA" time="1.841" errors="0" timestamp="2024-05-17T16:12:41 IST" skipped="0">
  <testcase classname="files.RSA" name="token" time="1.841"/>
</testsuite> <!-- files.RSA -->
