<?xml version="1.0" encoding="UTF-8"?>
<!-- Generated by org.testng.reporters.JUnitReportReporter -->
<testsuite hostname="arunkumar-ThinkBook-15-G3-ACL" failures="0" tests="1" name="Automation.SumValidation" time="0.765" errors="0" timestamp="2024-04-30T16:38:14 IST" skipped="0">
  <testcase classname="Automation.SumValidation" name="sumOfCourses" time="0.765"/>
</testsuite> <!-- Automation.SumValidation -->
