<?xml version="1.0" encoding="UTF-8"?>
<!-- Generated by org.testng.reporters.JUnitReportReporter -->
<testsuite hostname="arunkumar-ThinkBook-15-G3-ACL" failures="0" tests="1" name="Virsec.Apis" time="3.231" errors="0" timestamp="2024-05-16T16:54:46 IST" skipped="0">
  <testcase classname="Virsec.Apis" name="Role" time="3.231"/>
</testsuite> <!-- Virsec.Apis -->
