<?xml version="1.0" encoding="UTF-8"?>
<!-- Generated by org.testng.reporters.JUnitReportReporter -->
<testsuite hostname="arunkumar-ThinkBook-15-G3-ACL" failures="0" tests="4" name="files.DynamicJSON" time="3.963" errors="0" timestamp="2024-05-01T13:11:00 IST" skipped="0">
  <testcase classname="files.DynamicJSON" name="addbook" time="0.301"/>
  <testcase classname="files.DynamicJSON" name="addbook" time="0.752"/>
  <testcase classname="files.DynamicJSON" name="addbook" time="0.814"/>
  <testcase classname="files.DynamicJSON" name="addbook" time="2.096"/>
</testsuite> <!-- files.DynamicJSON -->
