<?xml version="1.0" encoding="UTF-8"?>
<!-- Generated by org.testng.reporters.JUnitReportReporter -->
<testsuite hostname="arunkumar-ThinkBook-15-G3-ACL" failures="0" tests="1" name="Virsec.test" time="1.547" errors="0" timestamp="2024-05-23T12:12:52 IST" skipped="0">
  <testcase classname="Virsec.test" name="test" time="1.547"/>
</testsuite> <!-- Virsec.test -->
