<?xml version="1.0" encoding="UTF-8"?>
<!-- Generated by org.testng.reporters.JUnitReportReporter -->
<testsuite hostname="arunkumar-ThinkBook-15-G3-ACL" failures="0" tests="1" name="Virsec.Apis" time="8.206" errors="0" timestamp="2024-05-22T15:55:19 IST" skipped="0">
  <testcase classname="Virsec.Apis" name="Auth" time="8.206"/>
</testsuite> <!-- Virsec.Apis -->
