<?xml version="1.0" encoding="UTF-8"?>
<!-- Generated by org.testng.reporters.JUnitReportReporter -->
<testsuite hostname="arunkumar-ThinkBook-15-G3-ACL" failures="0" tests="1" name="Ecommerce.EcommerceAPI" time="3.355" errors="0" timestamp="2024-05-20T17:37:49 IST" skipped="0">
  <testcase classname="Ecommerce.EcommerceAPI" name="api" time="3.355"/>
</testsuite> <!-- Ecommerce.EcommerceAPI -->
